<?xml version="1.0" encoding="UTF-8"?>
<testsuite name="gradleproj2.CourseTest" tests="1" skipped="0" failures="0" errors="0" timestamp="2021-11-05T20:04:58" hostname="Dylans-MBP.local" time="0.001">
  <properties/>
  <testcase name="Username generation should work" classname="gradleproj2.CourseTest" time="0.001"/>
  <system-out><![CDATA[]]></system-out>
  <system-err><![CDATA[]]></system-err>
</testsuite>
