<?xml version="1.0" encoding="UTF-8"?>
<testsuite name="gradleproj2.CourseTest" tests="2" skipped="0" failures="0" errors="0" timestamp="2021-11-05T23:11:50" hostname="Dylans-MBP.local" time="0.114">
  <properties/>
  <testcase name="Get Start Date should work" classname="gradleproj2.CourseTest" time="0.112"/>
  <testcase name="Set End Date should work" classname="gradleproj2.CourseTest" time="0.001"/>
  <system-out><![CDATA[]]></system-out>
  <system-err><![CDATA[]]></system-err>
</testsuite>
